1638517028489	geckodriver	INFO	Listening on 127.0.0.1:60391
1638517028997	mozrunner::runner	INFO	Running command: "/usr/bin/firefox" "--marionette" "--remote-debugging-port" "42939" "-no-remote" "-profile" "/tmp/rust_mozprofilelra7zA"
ATTENTION: default value of option mesa_glthread overridden by environment.
ATTENTION: default value of option mesa_glthread overridden by environment.
ATTENTION: default value of option mesa_glthread overridden by environment.
ATTENTION: default value of option mesa_glthread overridden by environment.
1638517031501	Marionette	INFO	Marionette enabled
console.warn: SearchSettings: "get: No settings file exists, new profile?" (new NotFoundError("Could not open the file at /tmp/rust_mozprofilelra7zA/search.json.mozlz4", (void 0)))
DevTools listening on ws://localhost:42939/devtools/browser/850937ef-6284-42e0-bba2-2fd8fb37f008
1638517034266	Marionette	INFO	Listening on port 44369
1638517035346	RemoteAgent	WARN	TLS certificate errors will be ignored for this session
console.error: Region.jsm: "Error fetching region" (new Error("TIMEOUT", "resource://gre/modules/Region.jsm", 772))
console.error: Region.jsm: "Failed to fetch region" (new Error("TIMEOUT", "resource://gre/modules/Region.jsm", 419))
1638517064033	Marionette	INFO	Stopped listening on port 44369

###!!! [Parent][RunMessage] Error: Channel closing: too late to send/recv, messages will be lost

1638517156786	geckodriver	INFO	Listening on 127.0.0.1:36115
1638517156794	mozrunner::runner	INFO	Running command: "/usr/bin/firefox" "--marionette" "--remote-debugging-port" "56143" "-no-remote" "-profile" "/tmp/rust_mozprofilemOmsJD"
ATTENTION: default value of option mesa_glthread overridden by environment.
ATTENTION: default value of option mesa_glthread overridden by environment.
ATTENTION: default value of option mesa_glthread overridden by environment.
ATTENTION: default value of option mesa_glthread overridden by environment.
1638517159160	Marionette	INFO	Marionette enabled
console.warn: SearchSettings: "get: No settings file exists, new profile?" (new NotFoundError("Could not open the file at /tmp/rust_mozprofilemOmsJD/search.json.mozlz4", (void 0)))
DevTools listening on ws://localhost:56143/devtools/browser/527c8157-b1ca-43eb-ba40-26e3699be042
1638517161868	Marionette	INFO	Listening on port 42493
1638517161955	RemoteAgent	WARN	TLS certificate errors will be ignored for this session
1638517191646	Marionette	INFO	Stopped listening on port 42493
1638517377980	geckodriver	INFO	Listening on 127.0.0.1:45289
1638517377993	mozrunner::runner	INFO	Running command: "/usr/bin/firefox" "--marionette" "--remote-debugging-port" "33545" "-no-remote" "-profile" "/tmp/rust_mozprofileEa6Ivs"
ATTENTION: default value of option mesa_glthread overridden by environment.
ATTENTION: default value of option mesa_glthread overridden by environment.
ATTENTION: default value of option mesa_glthread overridden by environment.
ATTENTION: default value of option mesa_glthread overridden by environment.
1638517380575	Marionette	INFO	Marionette enabled
console.warn: SearchSettings: "get: No settings file exists, new profile?" (new NotFoundError("Could not open the file at /tmp/rust_mozprofileEa6Ivs/search.json.mozlz4", (void 0)))
1638517383754	geckodriver	INFO	Listening on 127.0.0.1:41925
DevTools listening on ws://localhost:33545/devtools/browser/d8139d16-ee32-450a-8e39-345d20ba8373
1638517383763	mozrunner::runner	INFO	Running command: "/usr/bin/firefox" "--marionette" "--remote-debugging-port" "60171" "-no-remote" "-profile" "/tmp/rust_mozprofile6MNLrc"
1638517383815	Marionette	INFO	Listening on port 36761
1638517383852	RemoteAgent	WARN	TLS certificate errors will be ignored for this session
ATTENTION: default value of option mesa_glthread overridden by environment.
ATTENTION: default value of option mesa_glthread overridden by environment.
ATTENTION: default value of option mesa_glthread overridden by environment.
ATTENTION: default value of option mesa_glthread overridden by environment.
1638517386227	Marionette	INFO	Marionette enabled
console.error: Region.jsm: "Error fetching region" (new Error("TIMEOUT", "resource://gre/modules/Region.jsm", 772))
console.error: Region.jsm: "Failed to fetch region" (new Error("TIMEOUT", "resource://gre/modules/Region.jsm", 419))
console.warn: SearchSettings: "get: No settings file exists, new profile?" (new NotFoundError("Could not open the file at /tmp/rust_mozprofile6MNLrc/search.json.mozlz4", (void 0)))
DevTools listening on ws://localhost:60171/devtools/browser/1395df7d-d9ee-47e1-943d-e07f4cec817b
1638517389263	Marionette	INFO	Listening on port 35321
1638517389332	RemoteAgent	WARN	TLS certificate errors will be ignored for this session
console.error: Region.jsm: "Error fetching region" (new Error("TIMEOUT", "resource://gre/modules/Region.jsm", 772))
console.error: Region.jsm: "Failed to fetch region" (new Error("TIMEOUT", "resource://gre/modules/Region.jsm", 419))
Exiting due to channel error.
Exiting due to channel error.
Exiting due to channel error.
Exiting due to channel error.
Exiting due to channel error.
Exiting due to channel error.
1638517424331	geckodriver	INFO	Listening on 127.0.0.1:40263
1638517424840	mozrunner::runner	INFO	Running command: "/usr/bin/firefox" "--marionette" "--remote-debugging-port" "60091" "-no-remote" "-profile" "/tmp/rust_mozprofilexauhoa"
ATTENTION: default value of option mesa_glthread overridden by environment.
ATTENTION: default value of option mesa_glthread overridden by environment.
ATTENTION: default value of option mesa_glthread overridden by environment.
ATTENTION: default value of option mesa_glthread overridden by environment.
1638517427519	Marionette	INFO	Marionette enabled
console.warn: SearchSettings: "get: No settings file exists, new profile?" (new NotFoundError("Could not open the file at /tmp/rust_mozprofilexauhoa/search.json.mozlz4", (void 0)))
DevTools listening on ws://localhost:60091/devtools/browser/cd002457-5bdb-4caa-81f5-13e8764b99f2
1638517430255	Marionette	INFO	Listening on port 35559
1638517430289	RemoteAgent	WARN	TLS certificate errors will be ignored for this session
1638517455219	Marionette	INFO	Stopped listening on port 35559
JavaScript error: resource://gre/modules/AsyncShutdown.jsm, line 718: Error: Phase "Sqlite.jsm: wait until all connections are closed" is finished, it is too late to register completion condition "protections.sqlite#0: waiting for shutdown"
1638517459991	geckodriver	INFO	Listening on 127.0.0.1:50485
1638517459999	mozrunner::runner	INFO	Running command: "/usr/bin/firefox" "--marionette" "--remote-debugging-port" "37637" "-no-remote" "-profile" "/tmp/rust_mozprofileVVgetX"
ATTENTION: default value of option mesa_glthread overridden by environment.
ATTENTION: default value of option mesa_glthread overridden by environment.
ATTENTION: default value of option mesa_glthread overridden by environment.
ATTENTION: default value of option mesa_glthread overridden by environment.
1638517462350	Marionette	INFO	Marionette enabled
console.warn: SearchSettings: "get: No settings file exists, new profile?" (new NotFoundError("Could not open the file at /tmp/rust_mozprofileVVgetX/search.json.mozlz4", (void 0)))
DevTools listening on ws://localhost:37637/devtools/browser/a2b51735-9a14-4ed8-bd03-da166f272b1d
1638517465079	Marionette	INFO	Listening on port 38329
1638517465157	RemoteAgent	WARN	TLS certificate errors will be ignored for this session
console.error: Region.jsm: "Error fetching region" (new Error("TIMEOUT", "resource://gre/modules/Region.jsm", 772))
console.error: Region.jsm: "Failed to fetch region" (new Error("TIMEOUT", "resource://gre/modules/Region.jsm", 419))
1638517469442	Marionette	INFO	Stopped listening on port 38329
console.error: services.settings: 
  main/query-stripping Signature failed  TypeError: NetworkError: Network request failed
console.warn: TopSitesFeed: Failed to fetch data from Contile server: NetworkError when attempting to fetch resource.
JavaScript error: chrome://remote/content/marionette/cert.js, line 55: NS_ERROR_NOT_AVAILABLE: Component returned failure code: 0x80040111 (NS_ERROR_NOT_AVAILABLE) [nsICertOverrideService.setDisableAllSecurityChecksAndLetAttackersInterceptMyData]
1638517479244	geckodriver::marionette	ERROR	Failed to close browser connection: Socket not connected (os error 107)
1638517634678	geckodriver	INFO	Listening on 127.0.0.1:41117
1638517634685	mozrunner::runner	INFO	Running command: "/usr/bin/firefox" "--marionette" "--remote-debugging-port" "44321" "-no-remote" "-profile" "/tmp/rust_mozprofileNBsrPq"
ATTENTION: default value of option mesa_glthread overridden by environment.
ATTENTION: default value of option mesa_glthread overridden by environment.
ATTENTION: default value of option mesa_glthread overridden by environment.
ATTENTION: default value of option mesa_glthread overridden by environment.
1638517636951	Marionette	INFO	Marionette enabled
console.warn: SearchSettings: "get: No settings file exists, new profile?" (new NotFoundError("Could not open the file at /tmp/rust_mozprofileNBsrPq/search.json.mozlz4", (void 0)))
DevTools listening on ws://localhost:44321/devtools/browser/971fd79e-dee7-44df-9cc9-1cb536072157
1638517639542	Marionette	INFO	Listening on port 34999
1638517639644	RemoteAgent	WARN	TLS certificate errors will be ignored for this session
1638517660288	Marionette	INFO	Stopped listening on port 34999

###!!! [Parent][RunMessage] Error: Channel closing: too late to send/recv, messages will be lost

1638517661375	geckodriver	INFO	Listening on 127.0.0.1:36555
1638517661382	mozrunner::runner	INFO	Running command: "/usr/bin/firefox" "--marionette" "--remote-debugging-port" "59839" "-no-remote" "-profile" "/tmp/rust_mozprofilemuz5jj"
ATTENTION: default value of option mesa_glthread overridden by environment.
ATTENTION: default value of option mesa_glthread overridden by environment.
ATTENTION: default value of option mesa_glthread overridden by environment.
ATTENTION: default value of option mesa_glthread overridden by environment.
1638517663839	Marionette	INFO	Marionette enabled
console.warn: SearchSettings: "get: No settings file exists, new profile?" (new NotFoundError("Could not open the file at /tmp/rust_mozprofilemuz5jj/search.json.mozlz4", (void 0)))
DevTools listening on ws://localhost:59839/devtools/browser/106f08d0-80bb-4083-a63e-6aa7ebcbea69
1638517666294	Marionette	INFO	Listening on port 43849
1638517666332	RemoteAgent	WARN	TLS certificate errors will be ignored for this session
1638517683730	Marionette	INFO	Stopped listening on port 43849
1638518768410	geckodriver	INFO	Listening on 127.0.0.1:37683
1638518768908	mozrunner::runner	INFO	Running command: "/usr/bin/firefox" "--marionette" "--remote-debugging-port" "36677" "-no-remote" "-profile" "/tmp/rust_mozprofilesoVksn"
ATTENTION: default value of option mesa_glthread overridden by environment.
ATTENTION: default value of option mesa_glthread overridden by environment.
ATTENTION: default value of option mesa_glthread overridden by environment.
ATTENTION: default value of option mesa_glthread overridden by environment.
1638518772063	Marionette	INFO	Marionette enabled
console.warn: SearchSettings: "get: No settings file exists, new profile?" (new NotFoundError("Could not open the file at /tmp/rust_mozprofilesoVksn/search.json.mozlz4", (void 0)))
DevTools listening on ws://localhost:36677/devtools/browser/2998a12e-8cde-4050-80e4-6eade9e6b39f
1638518774877	Marionette	INFO	Listening on port 42949
1638518774960	RemoteAgent	WARN	TLS certificate errors will be ignored for this session
1638518784254	geckodriver	INFO	Listening on 127.0.0.1:52925
1638518784259	mozrunner::runner	INFO	Running command: "/usr/bin/firefox" "--marionette" "--remote-debugging-port" "59617" "-no-remote" "-profile" "/tmp/rust_mozprofileR6qefI"
ATTENTION: default value of option mesa_glthread overridden by environment.
ATTENTION: default value of option mesa_glthread overridden by environment.
ATTENTION: default value of option mesa_glthread overridden by environment.
ATTENTION: default value of option mesa_glthread overridden by environment.
1638518787169	Marionette	INFO	Marionette enabled
console.warn: SearchSettings: "get: No settings file exists, new profile?" (new NotFoundError("Could not open the file at /tmp/rust_mozprofileR6qefI/search.json.mozlz4", (void 0)))
DevTools listening on ws://localhost:59617/devtools/browser/efbeeca0-c9da-4203-b132-e0e944e7eab0
1638518789873	Marionette	INFO	Listening on port 38141
1638518790010	RemoteAgent	WARN	TLS certificate errors will be ignored for this session
1638518794500	Marionette	INFO	Stopped listening on port 42949
1638518809431	Marionette	INFO	Stopped listening on port 38141

###!!! [Parent][RunMessage] Error: Channel closing: too late to send/recv, messages will be lost

1638518810539	geckodriver	INFO	Listening on 127.0.0.1:46211
1638518810549	mozrunner::runner	INFO	Running command: "/usr/bin/firefox" "--marionette" "--remote-debugging-port" "34381" "-no-remote" "-profile" "/tmp/rust_mozprofilenh2KCN"
ATTENTION: default value of option mesa_glthread overridden by environment.
ATTENTION: default value of option mesa_glthread overridden by environment.
ATTENTION: default value of option mesa_glthread overridden by environment.
ATTENTION: default value of option mesa_glthread overridden by environment.
1638518812967	Marionette	INFO	Marionette enabled
console.warn: SearchSettings: "get: No settings file exists, new profile?" (new NotFoundError("Could not open the file at /tmp/rust_mozprofilenh2KCN/search.json.mozlz4", (void 0)))
DevTools listening on ws://localhost:34381/devtools/browser/fd2f707e-40fb-4d70-86dd-38542664ed9b
1638518815697	Marionette	INFO	Listening on port 38585
1638518815806	RemoteAgent	WARN	TLS certificate errors will be ignored for this session
1638518834415	Marionette	INFO	Stopped listening on port 38585
JavaScript error: resource://gre/modules/UrlClassifierListManager.jsm, line 691: TypeError: this.tablesData[table] is undefined

###!!! [Parent][RunMessage] Error: Channel closing: too late to send/recv, messages will be lost

1638518930511	geckodriver	INFO	Listening on 127.0.0.1:56177
1638518930521	mozrunner::runner	INFO	Running command: "/usr/bin/firefox" "--marionette" "--remote-debugging-port" "53743" "-no-remote" "-profile" "/tmp/rust_mozprofilecnEVin"
ATTENTION: default value of option mesa_glthread overridden by environment.
ATTENTION: default value of option mesa_glthread overridden by environment.
ATTENTION: default value of option mesa_glthread overridden by environment.
ATTENTION: default value of option mesa_glthread overridden by environment.
1638518933317	Marionette	INFO	Marionette enabled
console.warn: SearchSettings: "get: No settings file exists, new profile?" (new NotFoundError("Could not open the file at /tmp/rust_mozprofilecnEVin/search.json.mozlz4", (void 0)))
DevTools listening on ws://localhost:53743/devtools/browser/50c30520-41f5-47b9-ae7d-81f2a7fd4eeb
1638518935947	Marionette	INFO	Listening on port 40729
1638518936078	RemoteAgent	WARN	TLS certificate errors will be ignored for this session
1638518963787	Marionette	INFO	Stopped listening on port 40729
1638519050528	geckodriver	INFO	Listening on 127.0.0.1:40101
1638519051036	mozrunner::runner	INFO	Running command: "/usr/bin/firefox" "--marionette" "--remote-debugging-port" "51281" "-no-remote" "-profile" "/tmp/rust_mozprofileTXfSwm"
ATTENTION: default value of option mesa_glthread overridden by environment.
ATTENTION: default value of option mesa_glthread overridden by environment.
ATTENTION: default value of option mesa_glthread overridden by environment.
ATTENTION: default value of option mesa_glthread overridden by environment.
1638519053897	Marionette	INFO	Marionette enabled
console.warn: SearchSettings: "get: No settings file exists, new profile?" (new NotFoundError("Could not open the file at /tmp/rust_mozprofileTXfSwm/search.json.mozlz4", (void 0)))
DevTools listening on ws://localhost:51281/devtools/browser/43fa7e65-fe62-48f3-94c4-d4e2a3341959
1638519056819	Marionette	INFO	Listening on port 38331
1638519056899	RemoteAgent	WARN	TLS certificate errors will be ignored for this session
1638519102000	Marionette	INFO	Stopped listening on port 38331
1638519170544	geckodriver	INFO	Listening on 127.0.0.1:42737
1638519170559	mozrunner::runner	INFO	Running command: "/usr/bin/firefox" "--marionette" "--remote-debugging-port" "56519" "-no-remote" "-profile" "/tmp/rust_mozprofileLhU9yz"
ATTENTION: default value of option mesa_glthread overridden by environment.
ATTENTION: default value of option mesa_glthread overridden by environment.
ATTENTION: default value of option mesa_glthread overridden by environment.
ATTENTION: default value of option mesa_glthread overridden by environment.
1638519173457	Marionette	INFO	Marionette enabled
console.warn: SearchSettings: "get: No settings file exists, new profile?" (new NotFoundError("Could not open the file at /tmp/rust_mozprofileLhU9yz/search.json.mozlz4", (void 0)))
DevTools listening on ws://localhost:56519/devtools/browser/dfd1f873-d5e2-4322-9043-d65d731f5793
1638519178647	Marionette	INFO	Listening on port 40889
1638519178864	RemoteAgent	WARN	TLS certificate errors will be ignored for this session
1638519196830	Marionette	INFO	Stopped listening on port 40889
JavaScript error: resource://gre/modules/AsyncShutdown.jsm, line 718: Error: Phase "Sqlite.jsm: wait until all connections are closed" is finished, it is too late to register completion condition "protections.sqlite#0: waiting for shutdown"
1638519290580	geckodriver	INFO	Listening on 127.0.0.1:57475
1638519290590	mozrunner::runner	INFO	Running command: "/usr/bin/firefox" "--marionette" "--remote-debugging-port" "38951" "-no-remote" "-profile" "/tmp/rust_mozprofileMt81Ad"
ATTENTION: default value of option mesa_glthread overridden by environment.
ATTENTION: default value of option mesa_glthread overridden by environment.
ATTENTION: default value of option mesa_glthread overridden by environment.
ATTENTION: default value of option mesa_glthread overridden by environment.
1638519294373	Marionette	INFO	Marionette enabled
JavaScript error: , line 0: QuotaExceededError: The current transaction exceeded its quota limitations.
console.warn: SearchSettings: "get: No settings file exists, new profile?" (new NotFoundError("Could not open the file at /tmp/rust_mozprofileMt81Ad/search.json.mozlz4", (void 0)))
JavaScript error: , line 0: QuotaExceededError: The current transaction exceeded its quota limitations.
console.log: "RemoteSettingsWorker error: QuotaExceededError: IndexedDB:  execute() The current transaction exceeded its quota limitations."
console.log: "RemoteSettingsWorker error: QuotaExceededError: IndexedDB:  execute() The current transaction exceeded its quota limitations."
JavaScript error: , line 0: NotReadableError: Could not write chunk (size = 90) to file /tmp/rust_mozprofileMt81Ad/sessionCheckpoints.json.tmp. The file may be corrupt.
JavaScript error: resource://gre/modules/Sqlite.jsm, line 916: Error: Error(s) encountered during statement execution: database or disk is full
JavaScript error: resource://gre/modules/Sqlite.jsm, line 916: Error: Error(s) encountered during statement execution: database or disk is full
console.error: SearchEngineSelector: "Received empty search configuration!"
console.log: "RemoteSettingsWorker error: QuotaExceededError: IndexedDB:  execute() The current transaction exceeded its quota limitations."
JavaScript error: resource://gre/modules/PromiseWorker.jsm, line 106: Error: Could not create directory at /tmp/rust_mozprofileMt81Ad/thumbnails
console.log: "RemoteSettingsWorker error: QuotaExceededError: IndexedDB:  execute() The current transaction exceeded its quota limitations."
console.log: "RemoteSettingsWorker error: QuotaExceededError: IndexedDB:  execute() The current transaction exceeded its quota limitations."
console.error: SearchEngineSelector: "Received empty search configuration!"
console.error: SearchService: "_init: failure initializing search:" 2147549183
JavaScript error: , line 0: uncaught exception: 2147549183
JavaScript error: resource://gre/modules/SearchService.jsm, line 196: NS_ERROR_UNEXPECTED: SearchService previously failed to initialize
JavaScript error: , line 0: uncaught exception: 2147549183
JavaScript error: , line 0: uncaught exception: 2147549183
JavaScript error: resource://gre/modules/SearchService.jsm, line 1263: NS_ERROR_UNEXPECTED: SearchService initialization failed
console.log: "RemoteSettingsWorker error: QuotaExceededError: IndexedDB:  execute() The current transaction exceeded its quota limitations."
console.error: PushService: 
  stateChangeProcessEnqueue: Error transitioning state
  QuotaExceededError
JavaScript error: , line 0: uncaught exception: 2147549183
console.log: "RemoteSettingsWorker error: QuotaExceededError: IndexedDB:  execute() The current transaction exceeded its quota limitations."
console.error: SearchSettings: "_write: Could not write to settings file:" (new Error("cannot write without any engine.", "resource://gre/modules/SearchSettings.jsm", 216))
console.warn: SearchSettings: "get: No settings file exists, new profile?" (new NotFoundError("Could not open the file at /tmp/rust_mozprofileMt81Ad/search.json.mozlz4", (void 0)))
console.error: SearchService: "maybeReloadEngines failed" (new TypeError("defaultEngine is undefined", "resource://gre/modules/SearchService.jsm", 1075))
JavaScript error: , line 0: uncaught exception: 2147549183
[2021-12-03T08:14:57Z ERROR glean] Failed to initialize Glean: An I/O error occurred: No space left on device (os error 28)
console.log: "RemoteSettingsWorker error: QuotaExceededError: IndexedDB:  execute() The current transaction exceeded its quota limitations."
JavaScript error: , line 0: QuotaExceededError: The current transaction exceeded its quota limitations.
console.log: "RemoteSettingsWorker error: QuotaExceededError: IndexedDB:  execute() The current transaction exceeded its quota limitations."
JavaScript error: , line 0: uncaught exception: 2147549183
DevTools listening on ws://localhost:38951/devtools/browser/012c2a39-6add-45b8-bdc7-1bd2baa91894
1638519297681	Marionette	INFO	Listening on port 37855
console.log: "RemoteSettingsWorker error: QuotaExceededError: IndexedDB:  execute() The current transaction exceeded its quota limitations."
1638519297775	RemoteAgent	WARN	TLS certificate errors will be ignored for this session
console.log: "RemoteSettingsWorker error: QuotaExceededError: IndexedDB:  execute() The current transaction exceeded its quota limitations."
JavaScript error: , line 0: uncaught exception: 2147549183
console.log: "RemoteSettingsWorker error: QuotaExceededError: IndexedDB:  execute() The current transaction exceeded its quota limitations."
JavaScript error: resource://gre/modules/Sqlite.jsm, line 916: Error: Error(s) encountered during statement execution: database or disk is full
console.error: "Could not write session state file " (new Error("", "(unknown module)")) ""
1638519299487	Marionette	INFO	Stopped listening on port 37855
console.error: "Could not write session state file " (new Error("", "(unknown module)")) ""
JavaScript error: , line 0: NotReadableError: Could not write chunk (size = 122) to file /tmp/rust_mozprofileMt81Ad/sessionCheckpoints.json.tmp. The file may be corrupt.
JavaScript error: , line 0: NotReadableError: Could not write chunk (size = 146) to file /tmp/rust_mozprofileMt81Ad/sessionCheckpoints.json.tmp. The file may be corrupt.
JavaScript error: , line 0: NotReadableError: Could not write chunk (size = 193) to file /tmp/rust_mozprofileMt81Ad/sessionCheckpoints.json.tmp. The file may be corrupt.
console.warn: TopSitesFeed: Failed to fetch data from Contile server: NetworkError when attempting to fetch resource.
JavaScript error: , line 0: NotReadableError: Could not write chunk (size = 228) to file /tmp/rust_mozprofileMt81Ad/sessionCheckpoints.json.tmp. The file may be corrupt.
JavaScript error: chrome://remote/content/marionette/cert.js, line 55: NS_ERROR_NOT_AVAILABLE: Component returned failure code: 0x80040111 (NS_ERROR_NOT_AVAILABLE) [nsICertOverrideService.setDisableAllSecurityChecksAndLetAttackersInterceptMyData]
JavaScript error: resource://gre/modules/AsyncShutdown.jsm, line 575: NotReadableError: Could not write chunk (size = 259) to file /tmp/rust_mozprofileMt81Ad/sessionCheckpoints.json.tmp. The file may be corrupt.
WARNING: A blocker encountered an error while we were waiting.
          Blocker:  CrashMonitor: Writing notifications to file after receiving profile-before-change
          Phase: IOUtils: waiting for profileBeforeChange IO to complete
          State: (none)
WARNING: NotReadableError: Could not write chunk (size = 288) to file /tmp/rust_mozprofileMt81Ad/sessionCheckpoints.json.tmp. The file may be corrupt.
WARNING: observe@resource://gre/modules/AsyncShutdown.jsm:575:16

JavaScript error: resource://gre/modules/AsyncShutdown.jsm, line 575: NotReadableError: Could not write chunk (size = 288) to file /tmp/rust_mozprofileMt81Ad/sessionCheckpoints.json.tmp. The file may be corrupt.
JavaScript error: resource://gre/modules/AsyncShutdown.jsm, line 575: uncaught exception: Object
JavaScript error: resource://gre/modules/AsyncShutdown.jsm, line 575: uncaught exception: Object
1638519309504	geckodriver::marionette	ERROR	Failed to close browser connection: Socket not connected (os error 107)
1638520106816	geckodriver	INFO	Listening on 127.0.0.1:39909
1638520106827	mozrunner::runner	INFO	Running command: "/usr/bin/firefox" "--marionette" "--remote-debugging-port" "56371" "-no-remote" "-profile" "/tmp/rust_mozprofileBzZdsw"
ATTENTION: default value of option mesa_glthread overridden by environment.
ATTENTION: default value of option mesa_glthread overridden by environment.
ATTENTION: default value of option mesa_glthread overridden by environment.
ATTENTION: default value of option mesa_glthread overridden by environment.
1638520109364	Marionette	INFO	Marionette enabled
console.warn: SearchSettings: "get: No settings file exists, new profile?" (new NotFoundError("Could not open the file at /tmp/rust_mozprofileBzZdsw/search.json.mozlz4", (void 0)))
DevTools listening on ws://localhost:56371/devtools/browser/29b94d08-290f-4782-ba4e-6ca58500d935
1638520112419	Marionette	INFO	Listening on port 38559
1638520112483	RemoteAgent	WARN	TLS certificate errors will be ignored for this session
1638520133431	Marionette	INFO	Stopped listening on port 38559
1638520283864	geckodriver	INFO	Listening on 127.0.0.1:54971
1638520283870	mozrunner::runner	INFO	Running command: "/usr/bin/firefox" "--marionette" "--remote-debugging-port" "41803" "-no-remote" "-profile" "/tmp/rust_mozprofile0qw1cF"
ATTENTION: default value of option mesa_glthread overridden by environment.
ATTENTION: default value of option mesa_glthread overridden by environment.
ATTENTION: default value of option mesa_glthread overridden by environment.
ATTENTION: default value of option mesa_glthread overridden by environment.
1638520286301	Marionette	INFO	Marionette enabled
console.warn: SearchSettings: "get: No settings file exists, new profile?" (new NotFoundError("Could not open the file at /tmp/rust_mozprofile0qw1cF/search.json.mozlz4", (void 0)))
DevTools listening on ws://localhost:41803/devtools/browser/60ebfb78-dd48-405b-b86c-3409ad854205
1638520289057	Marionette	INFO	Listening on port 42431
1638520289122	RemoteAgent	WARN	TLS certificate errors will be ignored for this session
1638520308958	Marionette	INFO	Stopped listening on port 42431
JavaScript error: resource://gre/modules/AsyncShutdown.jsm, line 718: Error: Phase "Sqlite.jsm: wait until all connections are closed" is finished, it is too late to register completion condition "protections.sqlite#0: waiting for shutdown"
1638520319189	geckodriver	INFO	Listening on 127.0.0.1:44905
1638520319195	mozrunner::runner	INFO	Running command: "/usr/bin/firefox" "--marionette" "--remote-debugging-port" "43763" "-no-remote" "-profile" "/tmp/rust_mozprofile8Tlrqj"
ATTENTION: default value of option mesa_glthread overridden by environment.
ATTENTION: default value of option mesa_glthread overridden by environment.
ATTENTION: default value of option mesa_glthread overridden by environment.
ATTENTION: default value of option mesa_glthread overridden by environment.
1638520321900	Marionette	INFO	Marionette enabled
console.warn: SearchSettings: "get: No settings file exists, new profile?" (new NotFoundError("Could not open the file at /tmp/rust_mozprofile8Tlrqj/search.json.mozlz4", (void 0)))
DevTools listening on ws://localhost:43763/devtools/browser/a594e381-4116-4ef7-ad9c-2b369b90e403
1638520324726	Marionette	INFO	Listening on port 41659
1638520324856	RemoteAgent	WARN	TLS certificate errors will be ignored for this session
1638520347257	Marionette	INFO	Stopped listening on port 41659

###!!! [Parent][RunMessage] Error: Channel closing: too late to send/recv, messages will be lost

1638520543750	geckodriver	INFO	Listening on 127.0.0.1:41943
1638520543758	mozrunner::runner	INFO	Running command: "/usr/bin/firefox" "--marionette" "--remote-debugging-port" "56163" "-no-remote" "-profile" "/tmp/rust_mozprofilexl1a1w"
ATTENTION: default value of option mesa_glthread overridden by environment.
ATTENTION: default value of option mesa_glthread overridden by environment.
ATTENTION: default value of option mesa_glthread overridden by environment.
ATTENTION: default value of option mesa_glthread overridden by environment.
1638520546220	Marionette	INFO	Marionette enabled
console.warn: SearchSettings: "get: No settings file exists, new profile?" (new NotFoundError("Could not open the file at /tmp/rust_mozprofilexl1a1w/search.json.mozlz4", (void 0)))
DevTools listening on ws://localhost:56163/devtools/browser/90b4fc5a-313a-450b-9905-c60ff5d66297
1638520548617	Marionette	INFO	Listening on port 40609
1638520548713	RemoteAgent	WARN	TLS certificate errors will be ignored for this session
1638520565006	Marionette	INFO	Stopped listening on port 40609

###!!! [Parent][RunMessage] Error: Channel closing: too late to send/recv, messages will be lost

1638520570506	geckodriver	INFO	Listening on 127.0.0.1:41247
1638520570520	mozrunner::runner	INFO	Running command: "/usr/bin/firefox" "--marionette" "--remote-debugging-port" "50727" "-no-remote" "-profile" "/tmp/rust_mozprofiletuZluM"
ATTENTION: default value of option mesa_glthread overridden by environment.
ATTENTION: default value of option mesa_glthread overridden by environment.
ATTENTION: default value of option mesa_glthread overridden by environment.
ATTENTION: default value of option mesa_glthread overridden by environment.
1638520573058	Marionette	INFO	Marionette enabled
console.warn: SearchSettings: "get: No settings file exists, new profile?" (new NotFoundError("Could not open the file at /tmp/rust_mozprofiletuZluM/search.json.mozlz4", (void 0)))
DevTools listening on ws://localhost:50727/devtools/browser/220c531f-0f4e-4d68-85bd-df48da744c7f
1638520575481	Marionette	INFO	Listening on port 40587
1638520575576	RemoteAgent	WARN	TLS certificate errors will be ignored for this session
1638520591464	Marionette	INFO	Stopped listening on port 40587

###!!! [Parent][RunMessage] Error: Channel closing: too late to send/recv, messages will be lost

1638520685929	geckodriver	INFO	Listening on 127.0.0.1:48861
1638520686436	mozrunner::runner	INFO	Running command: "/usr/bin/firefox" "--marionette" "--remote-debugging-port" "37069" "-no-remote" "-profile" "/tmp/rust_mozprofilebVAQLF"
ATTENTION: default value of option mesa_glthread overridden by environment.
ATTENTION: default value of option mesa_glthread overridden by environment.
ATTENTION: default value of option mesa_glthread overridden by environment.
ATTENTION: default value of option mesa_glthread overridden by environment.
1638520688828	Marionette	INFO	Marionette enabled
console.warn: SearchSettings: "get: No settings file exists, new profile?" (new NotFoundError("Could not open the file at /tmp/rust_mozprofilebVAQLF/search.json.mozlz4", (void 0)))
DevTools listening on ws://localhost:37069/devtools/browser/f15901ed-7a37-4765-a22c-e1857cf9a8e1
1638520691367	Marionette	INFO	Listening on port 44183
1638520691492	RemoteAgent	WARN	TLS certificate errors will be ignored for this session
1638520708937	Marionette	INFO	Stopped listening on port 44183
1638520805958	geckodriver	INFO	Listening on 127.0.0.1:47303
1638520806471	mozrunner::runner	INFO	Running command: "/usr/bin/firefox" "--marionette" "--remote-debugging-port" "44083" "-no-remote" "-profile" "/tmp/rust_mozprofileSGBgwd"
ATTENTION: default value of option mesa_glthread overridden by environment.
ATTENTION: default value of option mesa_glthread overridden by environment.
ATTENTION: default value of option mesa_glthread overridden by environment.
ATTENTION: default value of option mesa_glthread overridden by environment.
1638520808978	Marionette	INFO	Marionette enabled
console.warn: SearchSettings: "get: No settings file exists, new profile?" (new NotFoundError("Could not open the file at /tmp/rust_mozprofileSGBgwd/search.json.mozlz4", (void 0)))
DevTools listening on ws://localhost:44083/devtools/browser/b1304a4d-5fd6-495c-b9cf-df6265bd291d
1638520811767	Marionette	INFO	Listening on port 37519
1638520811834	RemoteAgent	WARN	TLS certificate errors will be ignored for this session
1638520830781	Marionette	INFO	Stopped listening on port 37519

###!!! [Parent][RunMessage] Error: Channel closing: too late to send/recv, messages will be lost

1638522808368	geckodriver	INFO	Listening on 127.0.0.1:60447
1638522808375	mozrunner::runner	INFO	Running command: "/usr/bin/firefox" "--marionette" "--remote-debugging-port" "35441" "-no-remote" "-profile" "/tmp/rust_mozprofileG2EhAk"
ATTENTION: default value of option mesa_glthread overridden by environment.
ATTENTION: default value of option mesa_glthread overridden by environment.
ATTENTION: default value of option mesa_glthread overridden by environment.
ATTENTION: default value of option mesa_glthread overridden by environment.
1638522810748	Marionette	INFO	Marionette enabled
console.warn: SearchSettings: "get: No settings file exists, new profile?" (new NotFoundError("Could not open the file at /tmp/rust_mozprofileG2EhAk/search.json.mozlz4", (void 0)))
DevTools listening on ws://localhost:35441/devtools/browser/bcf62bb2-3913-4df2-94ec-fb4eb8abd714
1638522813518	Marionette	INFO	Listening on port 36073
1638522813618	RemoteAgent	WARN	TLS certificate errors will be ignored for this session
1638522839093	Marionette	INFO	Stopped listening on port 36073

###!!! [Parent][RunMessage] Error: Channel closing: too late to send/recv, messages will be lost

1638522849289	geckodriver	INFO	Listening on 127.0.0.1:42107
1638522849300	mozrunner::runner	INFO	Running command: "/usr/bin/firefox" "--marionette" "--remote-debugging-port" "41263" "-no-remote" "-profile" "/tmp/rust_mozprofileoiv0u8"
ATTENTION: default value of option mesa_glthread overridden by environment.
ATTENTION: default value of option mesa_glthread overridden by environment.
ATTENTION: default value of option mesa_glthread overridden by environment.
ATTENTION: default value of option mesa_glthread overridden by environment.
1638522851897	Marionette	INFO	Marionette enabled
console.warn: SearchSettings: "get: No settings file exists, new profile?" (new NotFoundError("Could not open the file at /tmp/rust_mozprofileoiv0u8/search.json.mozlz4", (void 0)))
DevTools listening on ws://localhost:41263/devtools/browser/f2abf0bd-a60a-49ac-b37c-fbab2f22d14e
1638522854947	Marionette	INFO	Listening on port 43937
1638522855072	RemoteAgent	WARN	TLS certificate errors will be ignored for this session
1638522876401	Marionette	INFO	Stopped listening on port 43937
JavaScript error: resource://gre/modules/AsyncShutdown.jsm, line 718: Error: Phase "Sqlite.jsm: wait until all connections are closed" is finished, it is too late to register completion condition "protections.sqlite#0: waiting for shutdown"

###!!! [Parent][RunMessage] Error: Channel closing: too late to send/recv, messages will be lost

1638523127405	geckodriver	INFO	Listening on 127.0.0.1:55929
1638523127417	mozrunner::runner	INFO	Running command: "/usr/bin/firefox" "--marionette" "--remote-debugging-port" "38867" "-no-remote" "-profile" "/tmp/rust_mozprofileNqMoB1"
ATTENTION: default value of option mesa_glthread overridden by environment.
ATTENTION: default value of option mesa_glthread overridden by environment.
ATTENTION: default value of option mesa_glthread overridden by environment.
ATTENTION: default value of option mesa_glthread overridden by environment.
1638523129729	Marionette	INFO	Marionette enabled
console.warn: SearchSettings: "get: No settings file exists, new profile?" (new NotFoundError("Could not open the file at /tmp/rust_mozprofileNqMoB1/search.json.mozlz4", (void 0)))
DevTools listening on ws://localhost:38867/devtools/browser/51c6e625-8062-45f8-a83d-aeb420f5d7e3
1638523132399	Marionette	INFO	Listening on port 36221
1638523132503	RemoteAgent	WARN	TLS certificate errors will be ignored for this session
1638523151036	Marionette	INFO	Stopped listening on port 36221
1638523236818	geckodriver	INFO	Listening on 127.0.0.1:38171
1638523236824	mozrunner::runner	INFO	Running command: "/usr/bin/firefox" "--marionette" "--remote-debugging-port" "39599" "-no-remote" "-profile" "/tmp/rust_mozprofilegzXRVY"
ATTENTION: default value of option mesa_glthread overridden by environment.
ATTENTION: default value of option mesa_glthread overridden by environment.
ATTENTION: default value of option mesa_glthread overridden by environment.
ATTENTION: default value of option mesa_glthread overridden by environment.
1638523239246	Marionette	INFO	Marionette enabled
console.warn: SearchSettings: "get: No settings file exists, new profile?" (new NotFoundError("Could not open the file at /tmp/rust_mozprofilegzXRVY/search.json.mozlz4", (void 0)))
DevTools listening on ws://localhost:39599/devtools/browser/77f6d22a-16a7-4cc3-86c3-fa73f64530b6
1638523242240	Marionette	INFO	Listening on port 32875
1638523242277	RemoteAgent	WARN	TLS certificate errors will be ignored for this session
1638523263140	Marionette	INFO	Stopped listening on port 32875
1638523269005	geckodriver	INFO	Listening on 127.0.0.1:50007
1638523269019	mozrunner::runner	INFO	Running command: "/usr/bin/firefox" "--marionette" "--remote-debugging-port" "46577" "-no-remote" "-profile" "/tmp/rust_mozprofilegZzn5G"
ATTENTION: default value of option mesa_glthread overridden by environment.
ATTENTION: default value of option mesa_glthread overridden by environment.
ATTENTION: default value of option mesa_glthread overridden by environment.
ATTENTION: default value of option mesa_glthread overridden by environment.
1638523271561	Marionette	INFO	Marionette enabled
console.warn: SearchSettings: "get: No settings file exists, new profile?" (new NotFoundError("Could not open the file at /tmp/rust_mozprofilegZzn5G/search.json.mozlz4", (void 0)))
DevTools listening on ws://localhost:46577/devtools/browser/cf8d954c-3e29-4072-bb10-4852909f6717
1638523274344	Marionette	INFO	Listening on port 41671
1638523274475	RemoteAgent	WARN	TLS certificate errors will be ignored for this session
1638523304835	Marionette	INFO	Stopped listening on port 41671
console.error: services.settings: 
  main/query-stripping Signature failed  TypeError: NetworkError: Network request failed

###!!! [Parent][RunMessage] Error: Channel closing: too late to send/recv, messages will be lost

1638523384316	geckodriver	INFO	Listening on 127.0.0.1:43935
1638523384825	mozrunner::runner	INFO	Running command: "/usr/bin/firefox" "--marionette" "--remote-debugging-port" "56639" "-no-remote" "-profile" "/tmp/rust_mozprofilegdEBr6"
ATTENTION: default value of option mesa_glthread overridden by environment.
ATTENTION: default value of option mesa_glthread overridden by environment.
ATTENTION: default value of option mesa_glthread overridden by environment.
ATTENTION: default value of option mesa_glthread overridden by environment.
1638523387201	Marionette	INFO	Marionette enabled
console.warn: SearchSettings: "get: No settings file exists, new profile?" (new NotFoundError("Could not open the file at /tmp/rust_mozprofilegdEBr6/search.json.mozlz4", (void 0)))
DevTools listening on ws://localhost:56639/devtools/browser/78e845a4-c2fa-4c41-8c94-0bd3240157b7
1638523389666	Marionette	INFO	Listening on port 39893
1638523389778	RemoteAgent	WARN	TLS certificate errors will be ignored for this session
1638523415632	Marionette	INFO	Stopped listening on port 39893
console.error: services.settings: 
  main/query-stripping Signature failed  TypeError: NetworkError: Network request failed

###!!! [Parent][RunMessage] Error: Channel closing: too late to send/recv, messages will be lost

1638526196744	geckodriver	INFO	Listening on 127.0.0.1:60291
1638526196751	mozrunner::runner	INFO	Running command: "/usr/bin/firefox" "--marionette" "--remote-debugging-port" "41829" "-no-remote" "-profile" "/tmp/rust_mozprofileayb7VZ"
ATTENTION: default value of option mesa_glthread overridden by environment.
ATTENTION: default value of option mesa_glthread overridden by environment.
ATTENTION: default value of option mesa_glthread overridden by environment.
ATTENTION: default value of option mesa_glthread overridden by environment.
1638526199032	Marionette	INFO	Marionette enabled
console.warn: SearchSettings: "get: No settings file exists, new profile?" (new NotFoundError("Could not open the file at /tmp/rust_mozprofileayb7VZ/search.json.mozlz4", (void 0)))
DevTools listening on ws://localhost:41829/devtools/browser/07bc27a2-b0b1-46b6-a6b8-70280975657c
1638526201795	Marionette	INFO	Listening on port 36765
1638526201910	RemoteAgent	WARN	TLS certificate errors will be ignored for this session
1638526222266	Marionette	INFO	Stopped listening on port 36765
1638526239559	geckodriver	INFO	Listening on 127.0.0.1:37553
1638526239565	mozrunner::runner	INFO	Running command: "/usr/bin/firefox" "--marionette" "--remote-debugging-port" "38295" "-no-remote" "-profile" "/tmp/rust_mozprofile4WdbOJ"
ATTENTION: default value of option mesa_glthread overridden by environment.
ATTENTION: default value of option mesa_glthread overridden by environment.
ATTENTION: default value of option mesa_glthread overridden by environment.
ATTENTION: default value of option mesa_glthread overridden by environment.
1638526242284	Marionette	INFO	Marionette enabled
console.warn: SearchSettings: "get: No settings file exists, new profile?" (new NotFoundError("Could not open the file at /tmp/rust_mozprofile4WdbOJ/search.json.mozlz4", (void 0)))
DevTools listening on ws://localhost:38295/devtools/browser/6384ddf5-fda1-437f-b27a-0bdd6cdf5af4
1638526244847	Marionette	INFO	Listening on port 45825
1638526244945	RemoteAgent	WARN	TLS certificate errors will be ignored for this session
1638526265610	Marionette	INFO	Stopped listening on port 45825
console.error: services.settings: 
  main/query-stripping Signature failed  TypeError: NetworkError: Network request failed
1638526275757	geckodriver	INFO	Listening on 127.0.0.1:50933
1638526275763	mozrunner::runner	INFO	Running command: "/usr/bin/firefox" "--marionette" "--remote-debugging-port" "54015" "-no-remote" "-profile" "/tmp/rust_mozprofileQfirGc"
ATTENTION: default value of option mesa_glthread overridden by environment.
ATTENTION: default value of option mesa_glthread overridden by environment.
ATTENTION: default value of option mesa_glthread overridden by environment.
ATTENTION: default value of option mesa_glthread overridden by environment.
1638526278123	Marionette	INFO	Marionette enabled
console.warn: SearchSettings: "get: No settings file exists, new profile?" (new NotFoundError("Could not open the file at /tmp/rust_mozprofileQfirGc/search.json.mozlz4", (void 0)))
DevTools listening on ws://localhost:54015/devtools/browser/9b51a9e7-2ecd-4a77-a9be-b0b7376effbc
1638526281136	Marionette	INFO	Listening on port 42713
1638526281232	RemoteAgent	WARN	TLS certificate errors will be ignored for this session
1638526304323	Marionette	INFO	Stopped listening on port 42713
1638526386850	geckodriver	INFO	Listening on 127.0.0.1:45197
1638526387360	mozrunner::runner	INFO	Running command: "/usr/bin/firefox" "--marionette" "--remote-debugging-port" "55417" "-no-remote" "-profile" "/tmp/rust_mozprofileGCP1TE"
ATTENTION: default value of option mesa_glthread overridden by environment.
ATTENTION: default value of option mesa_glthread overridden by environment.
ATTENTION: default value of option mesa_glthread overridden by environment.
ATTENTION: default value of option mesa_glthread overridden by environment.
1638526390541	Marionette	INFO	Marionette enabled
console.warn: SearchSettings: "get: No settings file exists, new profile?" (new NotFoundError("Could not open the file at /tmp/rust_mozprofileGCP1TE/search.json.mozlz4", (void 0)))
JavaScript error: resource:///modules/UrlbarInput.jsm, line 2952: TypeError: event.target.closest is not a function
DevTools listening on ws://localhost:55417/devtools/browser/cdc733b7-878d-48a5-acb4-dcecb5f096be
1638526394426	Marionette	INFO	Listening on port 34481
1638526394533	RemoteAgent	WARN	TLS certificate errors will be ignored for this session
1638526421548	Marionette	INFO	Stopped listening on port 34481
1638526864019	geckodriver	INFO	Listening on 127.0.0.1:41913
1638526864027	mozrunner::runner	INFO	Running command: "/usr/bin/firefox" "--marionette" "--remote-debugging-port" "34067" "-no-remote" "-profile" "/tmp/rust_mozprofileZJ6fzV"
ATTENTION: default value of option mesa_glthread overridden by environment.
ATTENTION: default value of option mesa_glthread overridden by environment.
ATTENTION: default value of option mesa_glthread overridden by environment.
ATTENTION: default value of option mesa_glthread overridden by environment.
1638526866384	Marionette	INFO	Marionette enabled
console.warn: SearchSettings: "get: No settings file exists, new profile?" (new NotFoundError("Could not open the file at /tmp/rust_mozprofileZJ6fzV/search.json.mozlz4", (void 0)))
DevTools listening on ws://localhost:34067/devtools/browser/8eeaff8b-58c1-4504-86b1-1b43e5f12ec2
1638526869098	Marionette	INFO	Listening on port 34061
1638526869177	RemoteAgent	WARN	TLS certificate errors will be ignored for this session
1638526873016	Marionette	INFO	Stopped listening on port 34061
JavaScript error: chrome://remote/content/marionette/cert.js, line 55: NS_ERROR_NOT_AVAILABLE: Component returned failure code: 0x80040111 (NS_ERROR_NOT_AVAILABLE) [nsICertOverrideService.setDisableAllSecurityChecksAndLetAttackersInterceptMyData]

###!!! [Child][MessageChannel] Error: (msgtype=0x5B0007,name=PHttpChannel::Msg_RemoveCorsPreflightCacheEntry) Channel closing: too late to send/recv, messages will be lost


###!!! [Child][MessageChannel] Error: (msgtype=0x5B0004,name=PHttpChannel::Msg_Cancel) Channel closing: too late to send/recv, messages will be lost


###!!! [Child][MessageChannel] Error: (msgtype=0x5B0008,name=PHttpChannel::Msg_DeletingChannel) Channel closing: too late to send/recv, messages will be lost

JavaScript error: resource://gre/modules/Sqlite.jsm, line 1059: Error: Sqlite.jsm has been shutdown. Cannot open connection to: /tmp/rust_mozprofileZJ6fzV/protections.sqlite

###!!! [Child][MessageChannel] Error: (msgtype=0x390141,name=PContent::Msg_ScriptError) Channel closing: too late to send/recv, messages will be lost


###!!! [Child][MessageChannel] Error: (msgtype=0x390141,name=PContent::Msg_ScriptError) Channel closing: too late to send/recv, messages will be lost


###!!! [Child][MessageChannel] Error: (msgtype=0x6A0014,name=PNecko::Msg_PredLearn) Channel closing: too late to send/recv, messages will be lost


###!!! [Child][MessageChannel] Error: (msgtype=0x390141,name=PContent::Msg_ScriptError) Channel closing: too late to send/recv, messages will be lost


###!!! [Child][MessageChannel] Error: (msgtype=0x390141,name=PContent::Msg_ScriptError) Channel closing: too late to send/recv, messages will be lost

1638526881856	geckodriver::marionette	ERROR	Failed to close browser connection: Socket not connected (os error 107)
1638526885609	geckodriver	INFO	Listening on 127.0.0.1:51699
1638526885618	mozrunner::runner	INFO	Running command: "/usr/bin/firefox" "--marionette" "--remote-debugging-port" "32895" "-no-remote" "-profile" "/tmp/rust_mozprofileKIvnT0"
ATTENTION: default value of option mesa_glthread overridden by environment.
ATTENTION: default value of option mesa_glthread overridden by environment.
ATTENTION: default value of option mesa_glthread overridden by environment.
ATTENTION: default value of option mesa_glthread overridden by environment.
1638526888302	Marionette	INFO	Marionette enabled
console.warn: SearchSettings: "get: No settings file exists, new profile?" (new NotFoundError("Could not open the file at /tmp/rust_mozprofileKIvnT0/search.json.mozlz4", (void 0)))
DevTools listening on ws://localhost:32895/devtools/browser/61149656-8fdd-4220-8aa8-5a8f1579f38e
1638526891431	Marionette	INFO	Listening on port 42635
1638526891472	RemoteAgent	WARN	TLS certificate errors will be ignored for this session
1638526909356	Marionette	INFO	Stopped listening on port 42635
1638527100954	geckodriver	INFO	Listening on 127.0.0.1:37745
1638527100960	mozrunner::runner	INFO	Running command: "/usr/bin/firefox" "--marionette" "--remote-debugging-port" "59367" "-no-remote" "-profile" "/tmp/rust_mozprofiles00t2n"
ATTENTION: default value of option mesa_glthread overridden by environment.
ATTENTION: default value of option mesa_glthread overridden by environment.
ATTENTION: default value of option mesa_glthread overridden by environment.
ATTENTION: default value of option mesa_glthread overridden by environment.
1638527103392	Marionette	INFO	Marionette enabled
console.warn: SearchSettings: "get: No settings file exists, new profile?" (new NotFoundError("Could not open the file at /tmp/rust_mozprofiles00t2n/search.json.mozlz4", (void 0)))
DevTools listening on ws://localhost:59367/devtools/browser/31f0134b-16fc-427f-8f40-211366573217
1638527106008	Marionette	INFO	Listening on port 34281
1638527106118	RemoteAgent	WARN	TLS certificate errors will be ignored for this session
1638527133787	Marionette	INFO	Stopped listening on port 34281
1638527436944	geckodriver	INFO	Listening on 127.0.0.1:50509
1638527437453	mozrunner::runner	INFO	Running command: "/usr/bin/firefox" "--marionette" "--remote-debugging-port" "53783" "-no-remote" "-profile" "/tmp/rust_mozprofiletSXOuN"
ATTENTION: default value of option mesa_glthread overridden by environment.
ATTENTION: default value of option mesa_glthread overridden by environment.
ATTENTION: default value of option mesa_glthread overridden by environment.
ATTENTION: default value of option mesa_glthread overridden by environment.
1638527439872	Marionette	INFO	Marionette enabled
console.warn: SearchSettings: "get: No settings file exists, new profile?" (new NotFoundError("Could not open the file at /tmp/rust_mozprofiletSXOuN/search.json.mozlz4", (void 0)))
DevTools listening on ws://localhost:53783/devtools/browser/45c33f29-5dbe-4606-be70-4c00d14a2b49
1638527442225	Marionette	INFO	Listening on port 38121
1638527442305	RemoteAgent	WARN	TLS certificate errors will be ignored for this session
1638527479912	Marionette	INFO	Stopped listening on port 38121

###!!! [Parent][RunMessage] Error: Channel closing: too late to send/recv, messages will be lost

1638527736946	geckodriver	INFO	Listening on 127.0.0.1:38245
1638527736954	mozrunner::runner	INFO	Running command: "/usr/bin/firefox" "--marionette" "--remote-debugging-port" "40403" "-no-remote" "-profile" "/tmp/rust_mozprofileUwAagY"
ATTENTION: default value of option mesa_glthread overridden by environment.
ATTENTION: default value of option mesa_glthread overridden by environment.
ATTENTION: default value of option mesa_glthread overridden by environment.
ATTENTION: default value of option mesa_glthread overridden by environment.
1638527739490	Marionette	INFO	Marionette enabled
console.warn: SearchSettings: "get: No settings file exists, new profile?" (new NotFoundError("Could not open the file at /tmp/rust_mozprofileUwAagY/search.json.mozlz4", (void 0)))
JavaScript error: resource://gre/modules/SearchService.jsm, line 204: Error: Something tried to use the search service before it's been properly intialized. Please examine the stack trace to figure out what and where to fix it:
_ensureInitialized@resource://gre/modules/SearchService.jsm:204:15
_getEngineDefault@resource://gre/modules/SearchService.jsm:2148:10
get defaultEngine@resource://gre/modules/SearchService.jsm:2280:17
_cacheL10nStrings@resource:///modules/UrlbarView.jsm:2163:11
onQueryStarted@resource:///modules/UrlbarView.jsm:583:10
notify@resource:///modules/UrlbarController.jsm:652:25
startQuery@resource:///modules/UrlbarController.jsm:133:10
startQuery@resource:///modules/UrlbarInput.jsm:1355:52
handleKeyNavigation@resource:///modules/UrlbarController.jsm:379:24
_on_keydown/<@resource:///modules/UrlbarInput.jsm:3199:23
maybeDeferEvent@resource:///modules/UrlbarEventBufferer.jsm:154:5
_on_keydown@resource:///modules/UrlbarInput.jsm:3198:24
handleEvent@resource:///modules/UrlbarInput.jsm:425:23

JavaScript error: resource:///modules/UrlbarView.jsm, line 2163: NS_ERROR_XPC_JAVASCRIPT_ERROR_WITH_DETAILS: [JavaScript Error: "Something tried to use the search service before it's been properly intialized. Please examine the stack trace to figure out what and where to fix it:
_ensureInitialized@resource://gre/modules/SearchService.jsm:204:15
_getEngineDefault@resource://gre/modules/SearchService.jsm:2148:10
get defaultEngine@resource://gre/modules/SearchService.jsm:2280:17
_cacheL10nStrings@resource:///modules/UrlbarView.jsm:2163:11
onQueryStarted@resource:///modules/UrlbarView.jsm:583:10
notify@resource:///modules/UrlbarController.jsm:652:25
startQuery@resource:///modules/UrlbarController.jsm:133:10
startQuery@resource:///modules/UrlbarInput.jsm:1355:52
handleKeyNavigation@resource:///modules/UrlbarController.jsm:379:24
_on_keydown/<@resource:///modules/UrlbarInput.jsm:3199:23
maybeDeferEvent@resource:///modules/UrlbarEventBufferer.jsm:154:5
_on_keydown@resource:///modules/UrlbarInput.jsm:3198:24
handleEvent@resource:///modules/UrlbarInput.jsm:425:23
" {file: "resource://gre/modules/SearchService.jsm" line: 204}]'[JavaScript Error: "Something tried to use the search service before it's been properly intialized. Please examine the stack trace to figure out what and where to fix it:
_ensureInitialized@resource://gre/modules/SearchService.jsm:204:15
_getEngineDefault@resource://gre/modules/SearchService.jsm:2148:10
get defaultEngine@resource://gre/modules/SearchService.jsm:2280:17
_cacheL10nStrings@resource:///modules/UrlbarView.jsm:2163:11
onQueryStarted@resource:///modules/UrlbarView.jsm:583:10
notify@resource:///modules/UrlbarController.jsm:652:25
startQuery@resource:///modules/UrlbarController.jsm:133:10
startQuery@resource:///modules/UrlbarInput.jsm:1355:52
handleKeyNavigation@resource:///modules/UrlbarController.jsm:379:24
_on_keydown/<@resource:///modules/UrlbarInput.jsm:3199:23
maybeDeferEvent@resource:///modules/UrlbarEventBufferer.jsm:154:5
_on_keydown@resource:///modules/UrlbarInput.jsm:3198:24
handleEvent@resource:///modules/UrlbarInput.jsm:425:23
" {file: "resource://gre/modules/SearchService.jsm" line: 204}]' when calling method: [nsISearchService::defaultEngine]
DevTools listening on ws://localhost:40403/devtools/browser/3d7f9de7-545f-43f5-a558-bbc0650877f5
1638527742237	Marionette	INFO	Listening on port 35211
1638527742304	RemoteAgent	WARN	TLS certificate errors will be ignored for this session
console.error: Region.jsm: "Error fetching region" (new Error("TIMEOUT", "resource://gre/modules/Region.jsm", 772))
console.error: Region.jsm: "Failed to fetch region" (new Error("TIMEOUT", "resource://gre/modules/Region.jsm", 419))
1638527778166	Marionette	INFO	Stopped listening on port 35211

###!!! [Parent][RunMessage] Error: Channel closing: too late to send/recv, messages will be lost

1638528036965	geckodriver	INFO	Listening on 127.0.0.1:39437
1638528036973	mozrunner::runner	INFO	Running command: "/usr/bin/firefox" "--marionette" "--remote-debugging-port" "57007" "-no-remote" "-profile" "/tmp/rust_mozprofileQcy8CU"
ATTENTION: default value of option mesa_glthread overridden by environment.
ATTENTION: default value of option mesa_glthread overridden by environment.
ATTENTION: default value of option mesa_glthread overridden by environment.
ATTENTION: default value of option mesa_glthread overridden by environment.
1638528039385	Marionette	INFO	Marionette enabled
console.warn: SearchSettings: "get: No settings file exists, new profile?" (new NotFoundError("Could not open the file at /tmp/rust_mozprofileQcy8CU/search.json.mozlz4", (void 0)))
DevTools listening on ws://localhost:57007/devtools/browser/66ac552a-4159-4c6f-a641-7bc953875f6f
1638528041985	Marionette	INFO	Listening on port 36227
1638528042044	RemoteAgent	WARN	TLS certificate errors will be ignored for this session
1638528060283	Marionette	INFO	Stopped listening on port 36227

###!!! [Parent][RunMessage] Error: Channel closing: too late to send/recv, messages will be lost

1638528336984	geckodriver	INFO	Listening on 127.0.0.1:39031
1638528337499	mozrunner::runner	INFO	Running command: "/usr/bin/firefox" "--marionette" "--remote-debugging-port" "58333" "-no-remote" "-profile" "/tmp/rust_mozprofile5giBPj"
ATTENTION: default value of option mesa_glthread overridden by environment.
ATTENTION: default value of option mesa_glthread overridden by environment.
ATTENTION: default value of option mesa_glthread overridden by environment.
ATTENTION: default value of option mesa_glthread overridden by environment.
1638528339873	Marionette	INFO	Marionette enabled
console.warn: SearchSettings: "get: No settings file exists, new profile?" (new NotFoundError("Could not open the file at /tmp/rust_mozprofile5giBPj/search.json.mozlz4", (void 0)))
DevTools listening on ws://localhost:58333/devtools/browser/77a4fa76-032c-46de-9242-d2644f181caf
1638528342191	Marionette	INFO	Listening on port 41863
1638528342245	RemoteAgent	WARN	TLS certificate errors will be ignored for this session
console.error: Region.jsm: "Error fetching region" (new Error("TIMEOUT", "resource://gre/modules/Region.jsm", 772))
console.error: Region.jsm: "Failed to fetch region" (new Error("TIMEOUT", "resource://gre/modules/Region.jsm", 419))
1638528362493	Marionette	INFO	Stopped listening on port 41863

###!!! [Parent][RunMessage] Error: Channel closing: too late to send/recv, messages will be lost

1638528636994	geckodriver	INFO	Listening on 127.0.0.1:36613
1638528637000	mozrunner::runner	INFO	Running command: "/usr/bin/firefox" "--marionette" "--remote-debugging-port" "40877" "-no-remote" "-profile" "/tmp/rust_mozprofileongzzx"
ATTENTION: default value of option mesa_glthread overridden by environment.
ATTENTION: default value of option mesa_glthread overridden by environment.
ATTENTION: default value of option mesa_glthread overridden by environment.
ATTENTION: default value of option mesa_glthread overridden by environment.
1638528639506	Marionette	INFO	Marionette enabled
console.warn: SearchSettings: "get: No settings file exists, new profile?" (new NotFoundError("Could not open the file at /tmp/rust_mozprofileongzzx/search.json.mozlz4", (void 0)))
DevTools listening on ws://localhost:40877/devtools/browser/41d3bd49-9f52-4b68-bdf3-68f322b0888e
1638528641981	Marionette	INFO	Listening on port 45941
1638528642063	RemoteAgent	WARN	TLS certificate errors will be ignored for this session
1638528690017	Marionette	INFO	Stopped listening on port 45941
1638528937015	geckodriver	INFO	Listening on 127.0.0.1:53243
1638528937039	mozrunner::runner	INFO	Running command: "/usr/bin/firefox" "--marionette" "--remote-debugging-port" "50157" "-no-remote" "-profile" "/tmp/rust_mozprofileh1QCda"
ATTENTION: default value of option mesa_glthread overridden by environment.
ATTENTION: default value of option mesa_glthread overridden by environment.
ATTENTION: default value of option mesa_glthread overridden by environment.
ATTENTION: default value of option mesa_glthread overridden by environment.
1638528939726	Marionette	INFO	Marionette enabled
console.warn: SearchSettings: "get: No settings file exists, new profile?" (new NotFoundError("Could not open the file at /tmp/rust_mozprofileh1QCda/search.json.mozlz4", (void 0)))
DevTools listening on ws://localhost:50157/devtools/browser/64f8bd1d-3047-4760-9ffd-60c0ad33499f
1638528942319	Marionette	INFO	Listening on port 33463
1638528942388	RemoteAgent	WARN	TLS certificate errors will be ignored for this session
console.error: Region.jsm: "Error fetching region" (new Error("TIMEOUT", "resource://gre/modules/Region.jsm", 772))
console.error: Region.jsm: "Failed to fetch region" (new Error("TIMEOUT", "resource://gre/modules/Region.jsm", 419))
1638529086911	Marionette	INFO	Stopped listening on port 33463

###!!! [Parent][RunMessage] Error: Channel closing: too late to send/recv, messages will be lost

1638529237040	geckodriver	INFO	Listening on 127.0.0.1:40571
1638529237550	mozrunner::runner	INFO	Running command: "/usr/bin/firefox" "--marionette" "--remote-debugging-port" "57649" "-no-remote" "-profile" "/tmp/rust_mozprofileVtY2FG"
ATTENTION: default value of option mesa_glthread overridden by environment.
ATTENTION: default value of option mesa_glthread overridden by environment.
ATTENTION: default value of option mesa_glthread overridden by environment.
ATTENTION: default value of option mesa_glthread overridden by environment.
1638529240158	Marionette	INFO	Marionette enabled
console.warn: SearchSettings: "get: No settings file exists, new profile?" (new NotFoundError("Could not open the file at /tmp/rust_mozprofileVtY2FG/search.json.mozlz4", (void 0)))
DevTools listening on ws://localhost:57649/devtools/browser/e926dd48-4b28-4421-9b8e-e3b600e119c6
1638529243029	Marionette	INFO	Listening on port 45613
1638529243155	RemoteAgent	WARN	TLS certificate errors will be ignored for this session
1638529259509	Marionette	INFO	Stopped listening on port 45613

###!!! [Parent][RunMessage] Error: Channel closing: too late to send/recv, messages will be lost

1638529537064	geckodriver	INFO	Listening on 127.0.0.1:40615
1638529537575	mozrunner::runner	INFO	Running command: "/usr/bin/firefox" "--marionette" "--remote-debugging-port" "36049" "-no-remote" "-profile" "/tmp/rust_mozprofilewPYyRP"
ATTENTION: default value of option mesa_glthread overridden by environment.
ATTENTION: default value of option mesa_glthread overridden by environment.
ATTENTION: default value of option mesa_glthread overridden by environment.
ATTENTION: default value of option mesa_glthread overridden by environment.
1638529540100	Marionette	INFO	Marionette enabled
console.warn: SearchSettings: "get: No settings file exists, new profile?" (new NotFoundError("Could not open the file at /tmp/rust_mozprofilewPYyRP/search.json.mozlz4", (void 0)))
DevTools listening on ws://localhost:36049/devtools/browser/4eaf8daf-c4b3-411e-a79f-8a5fc9e0c75e
1638529543309	Marionette	INFO	Listening on port 40359
1638529543427	RemoteAgent	WARN	TLS certificate errors will be ignored for this session
1638529563625	Marionette	INFO	Stopped listening on port 40359
JavaScript error: resource://gre/modules/AsyncShutdown.jsm, line 718: Error: Phase "Sqlite.jsm: wait until all connections are closed" is finished, it is too late to register completion condition "protections.sqlite#0: waiting for shutdown"
1638598308665	geckodriver	INFO	Listening on 127.0.0.1:58937
1638598309166	mozrunner::runner	INFO	Running command: "/usr/bin/firefox" "--marionette" "--remote-debugging-port" "40711" "-no-remote" "-profile" "/tmp/rust_mozprofile52JcNm"
ATTENTION: default value of option mesa_glthread overridden by environment.
ATTENTION: default value of option mesa_glthread overridden by environment.
ATTENTION: default value of option mesa_glthread overridden by environment.
ATTENTION: default value of option mesa_glthread overridden by environment.
1638598312165	Marionette	INFO	Marionette enabled
console.warn: SearchSettings: "get: No settings file exists, new profile?" (new NotFoundError("Could not open the file at /tmp/rust_mozprofile52JcNm/search.json.mozlz4", (void 0)))
DevTools listening on ws://localhost:40711/devtools/browser/e4127b17-2913-4672-9b95-ecb0ca91a7f8
1638598315238	Marionette	INFO	Listening on port 40401
1638598315997	RemoteAgent	WARN	TLS certificate errors will be ignored for this session
1638598346746	Marionette	INFO	Stopped listening on port 40401

###!!! [Parent][RunMessage] Error: Channel closing: too late to send/recv, messages will be lost

1638598782219	geckodriver	INFO	Listening on 127.0.0.1:38901
1638598782228	mozrunner::runner	INFO	Running command: "/usr/bin/firefox" "--marionette" "--remote-debugging-port" "45283" "-no-remote" "-profile" "/tmp/rust_mozprofilepLcZLm"
ATTENTION: default value of option mesa_glthread overridden by environment.
ATTENTION: default value of option mesa_glthread overridden by environment.
ATTENTION: default value of option mesa_glthread overridden by environment.
ATTENTION: default value of option mesa_glthread overridden by environment.
1638598784655	Marionette	INFO	Marionette enabled
console.warn: SearchSettings: "get: No settings file exists, new profile?" (new NotFoundError("Could not open the file at /tmp/rust_mozprofilepLcZLm/search.json.mozlz4", (void 0)))
DevTools listening on ws://localhost:45283/devtools/browser/926722f0-de2b-43a1-a77a-13b0b8709da7
1638598787582	Marionette	INFO	Listening on port 42099
1638598787693	RemoteAgent	WARN	TLS certificate errors will be ignored for this session
1638598810174	Marionette	INFO	Stopped listening on port 42099
1638598846655	geckodriver	INFO	Listening on 127.0.0.1:46879
1638598846662	mozrunner::runner	INFO	Running command: "/usr/bin/firefox" "--marionette" "--remote-debugging-port" "34117" "-no-remote" "-profile" "/tmp/rust_mozprofile2lKjUn"
ATTENTION: default value of option mesa_glthread overridden by environment.
ATTENTION: default value of option mesa_glthread overridden by environment.
ATTENTION: default value of option mesa_glthread overridden by environment.
ATTENTION: default value of option mesa_glthread overridden by environment.
1638598849087	Marionette	INFO	Marionette enabled
console.warn: SearchSettings: "get: No settings file exists, new profile?" (new NotFoundError("Could not open the file at /tmp/rust_mozprofile2lKjUn/search.json.mozlz4", (void 0)))
DevTools listening on ws://localhost:34117/devtools/browser/5964e26d-b415-46f2-bb5e-76f701d90ee2
1638598851671	Marionette	INFO	Listening on port 43773
1638598851707	RemoteAgent	WARN	TLS certificate errors will be ignored for this session
1638598852388	Marionette	INFO	Stopped listening on port 43773
console.warn: TopSitesFeed: Failed to fetch data from Contile server: NetworkError when attempting to fetch resource.
JavaScript error: chrome://remote/content/marionette/cert.js, line 55: NS_ERROR_NOT_AVAILABLE: Component returned failure code: 0x80040111 (NS_ERROR_NOT_AVAILABLE) [nsICertOverrideService.setDisableAllSecurityChecksAndLetAttackersInterceptMyData]
console.error: services.settings: 
  main/query-stripping Signature failed  TypeError: NetworkError: Network request failed
1638598923830	geckodriver	INFO	Listening on 127.0.0.1:43391
1638598923838	mozrunner::runner	INFO	Running command: "/usr/bin/firefox" "--marionette" "--remote-debugging-port" "43157" "-no-remote" "-profile" "/tmp/rust_mozprofilek3y6Me"
ATTENTION: default value of option mesa_glthread overridden by environment.
ATTENTION: default value of option mesa_glthread overridden by environment.
ATTENTION: default value of option mesa_glthread overridden by environment.
ATTENTION: default value of option mesa_glthread overridden by environment.
1638598926283	Marionette	INFO	Marionette enabled
console.warn: SearchSettings: "get: No settings file exists, new profile?" (new NotFoundError("Could not open the file at /tmp/rust_mozprofilek3y6Me/search.json.mozlz4", (void 0)))
DevTools listening on ws://localhost:43157/devtools/browser/6c771e2f-05f6-40e7-b5c0-a51f3842c756
1638598929028	Marionette	INFO	Listening on port 45191
1638598929084	RemoteAgent	WARN	TLS certificate errors will be ignored for this session
1638598956856	Marionette	INFO	Stopped listening on port 45191

###!!! [Parent][RunMessage] Error: Channel closing: too late to send/recv, messages will be lost

1638599041963	geckodriver	INFO	Listening on 127.0.0.1:34963
1638599041971	mozrunner::runner	INFO	Running command: "/usr/bin/firefox" "--marionette" "--remote-debugging-port" "55803" "-no-remote" "-profile" "/tmp/rust_mozprofileZn6L4N"
ATTENTION: default value of option mesa_glthread overridden by environment.
ATTENTION: default value of option mesa_glthread overridden by environment.
ATTENTION: default value of option mesa_glthread overridden by environment.
ATTENTION: default value of option mesa_glthread overridden by environment.
1638599044303	Marionette	INFO	Marionette enabled
console.warn: SearchSettings: "get: No settings file exists, new profile?" (new NotFoundError("Could not open the file at /tmp/rust_mozprofileZn6L4N/search.json.mozlz4", (void 0)))
DevTools listening on ws://localhost:55803/devtools/browser/a0eaf5cb-c860-48c7-8e27-ff94edfd67ce
1638599046904	Marionette	INFO	Listening on port 41993
1638599047023	RemoteAgent	WARN	TLS certificate errors will be ignored for this session
1638599076166	Marionette	INFO	Stopped listening on port 41993

###!!! [Parent][RunMessage] Error: Channel closing: too late to send/recv, messages will be lost

1638603000037	geckodriver	INFO	Listening on 127.0.0.1:33135
1638603000546	mozrunner::runner	INFO	Running command: "/usr/bin/firefox" "--marionette" "--remote-debugging-port" "33535" "-no-remote" "-profile" "/tmp/rust_mozprofileG80n5I"
ATTENTION: default value of option mesa_glthread overridden by environment.
ATTENTION: default value of option mesa_glthread overridden by environment.
ATTENTION: default value of option mesa_glthread overridden by environment.
ATTENTION: default value of option mesa_glthread overridden by environment.
1638603003054	Marionette	INFO	Marionette enabled
console.warn: SearchSettings: "get: No settings file exists, new profile?" (new NotFoundError("Could not open the file at /tmp/rust_mozprofileG80n5I/search.json.mozlz4", (void 0)))
DevTools listening on ws://localhost:33535/devtools/browser/2d496307-5b4e-48a5-a5a1-33f6a13eea57
1638603005535	Marionette	INFO	Listening on port 37415
1638603005737	RemoteAgent	WARN	TLS certificate errors will be ignored for this session
1638603032999	Marionette	INFO	Stopped listening on port 37415

###!!! [Parent][RunMessage] Error: Channel closing: too late to send/recv, messages will be lost

1638603300038	geckodriver	INFO	Listening on 127.0.0.1:49469
1638603300549	mozrunner::runner	INFO	Running command: "/usr/bin/firefox" "--marionette" "--remote-debugging-port" "54629" "-no-remote" "-profile" "/tmp/rust_mozprofilerOnhMY"
ATTENTION: default value of option mesa_glthread overridden by environment.
ATTENTION: default value of option mesa_glthread overridden by environment.
ATTENTION: default value of option mesa_glthread overridden by environment.
ATTENTION: default value of option mesa_glthread overridden by environment.
1638603303143	Marionette	INFO	Marionette enabled
console.warn: SearchSettings: "get: No settings file exists, new profile?" (new NotFoundError("Could not open the file at /tmp/rust_mozprofilerOnhMY/search.json.mozlz4", (void 0)))
DevTools listening on ws://localhost:54629/devtools/browser/d45af196-3f29-40e9-99ce-2730ffe6a200
1638603305689	Marionette	INFO	Listening on port 44221
1638603305802	RemoteAgent	WARN	TLS certificate errors will be ignored for this session
1638603322490	Marionette	INFO	Stopped listening on port 44221

###!!! [Parent][MessageChannel] Error: (msgtype=0x390078,name=PContent::Msg_DestroyBrowsingContextGroup) Closed channel: cannot send/recv

JavaScript error: resource://gre/modules/Sqlite.jsm, line 1059: Error: Sqlite.jsm has been shutdown. Cannot open connection to: /tmp/rust_mozprofilerOnhMY/protections.sqlite

###!!! [Parent][RunMessage] Error: Channel closing: too late to send/recv, messages will be lost

1638603600033	geckodriver	INFO	Listening on 127.0.0.1:46281
1638603600544	mozrunner::runner	INFO	Running command: "/usr/bin/firefox" "--marionette" "--remote-debugging-port" "41779" "-no-remote" "-profile" "/tmp/rust_mozprofileOivq58"
ATTENTION: default value of option mesa_glthread overridden by environment.
ATTENTION: default value of option mesa_glthread overridden by environment.
ATTENTION: default value of option mesa_glthread overridden by environment.
ATTENTION: default value of option mesa_glthread overridden by environment.
1638603602913	Marionette	INFO	Marionette enabled
console.warn: SearchSettings: "get: No settings file exists, new profile?" (new NotFoundError("Could not open the file at /tmp/rust_mozprofileOivq58/search.json.mozlz4", (void 0)))
DevTools listening on ws://localhost:41779/devtools/browser/3ffa2272-46a0-44f2-93cb-c3a47d706304
1638603605421	Marionette	INFO	Listening on port 34415
1638603605494	RemoteAgent	WARN	TLS certificate errors will be ignored for this session
1638603623186	Marionette	INFO	Stopped listening on port 34415
JavaScript error: resource://gre/modules/AsyncShutdown.jsm, line 718: Error: Phase "Sqlite.jsm: wait until all connections are closed" is finished, it is too late to register completion condition "protections.sqlite#0: waiting for shutdown"
1638603900038	geckodriver	INFO	Listening on 127.0.0.1:38721
1638603900045	mozrunner::runner	INFO	Running command: "/usr/bin/firefox" "--marionette" "--remote-debugging-port" "45495" "-no-remote" "-profile" "/tmp/rust_mozprofilewrF9Hx"
ATTENTION: default value of option mesa_glthread overridden by environment.
ATTENTION: default value of option mesa_glthread overridden by environment.
ATTENTION: default value of option mesa_glthread overridden by environment.
ATTENTION: default value of option mesa_glthread overridden by environment.
1638603902400	Marionette	INFO	Marionette enabled
console.warn: SearchSettings: "get: No settings file exists, new profile?" (new NotFoundError("Could not open the file at /tmp/rust_mozprofilewrF9Hx/search.json.mozlz4", (void 0)))
DevTools listening on ws://localhost:45495/devtools/browser/00b4eb7d-c3a6-422b-b3d1-e9f260ddceca
1638603904943	Marionette	INFO	Listening on port 40905
1638603904998	RemoteAgent	WARN	TLS certificate errors will be ignored for this session
1638603956050	Marionette	INFO	Stopped listening on port 40905

###!!! [Parent][RunMessage] Error: Channel closing: too late to send/recv, messages will be lost

1638604200035	geckodriver	INFO	Listening on 127.0.0.1:55017
1638604200042	mozrunner::runner	INFO	Running command: "/usr/bin/firefox" "--marionette" "--remote-debugging-port" "51297" "-no-remote" "-profile" "/tmp/rust_mozprofile6nTan2"
ATTENTION: default value of option mesa_glthread overridden by environment.
ATTENTION: default value of option mesa_glthread overridden by environment.
ATTENTION: default value of option mesa_glthread overridden by environment.
ATTENTION: default value of option mesa_glthread overridden by environment.
1638604202462	Marionette	INFO	Marionette enabled
console.warn: SearchSettings: "get: No settings file exists, new profile?" (new NotFoundError("Could not open the file at /tmp/rust_mozprofile6nTan2/search.json.mozlz4", (void 0)))
DevTools listening on ws://localhost:51297/devtools/browser/1c5dff9d-2f96-4906-a3ec-fc06e06c56e8
1638604204876	Marionette	INFO	Listening on port 33471
1638604205552	RemoteAgent	WARN	TLS certificate errors will be ignored for this session
1638604236041	Marionette	INFO	Stopped listening on port 33471

###!!! [Parent][MessageChannel] Error: (msgtype=0x390078,name=PContent::Msg_DestroyBrowsingContextGroup) Closed channel: cannot send/recv

JavaScript error: resource://gre/modules/Sqlite.jsm, line 1059: Error: Sqlite.jsm has been shutdown. Cannot open connection to: /tmp/rust_mozprofile6nTan2/protections.sqlite

###!!! [Parent][RunMessage] Error: Channel closing: too late to send/recv, messages will be lost

1638604500032	geckodriver	INFO	Listening on 127.0.0.1:36383
1638604500038	mozrunner::runner	INFO	Running command: "/usr/bin/firefox" "--marionette" "--remote-debugging-port" "40527" "-no-remote" "-profile" "/tmp/rust_mozprofileyIAVap"
ATTENTION: default value of option mesa_glthread overridden by environment.
ATTENTION: default value of option mesa_glthread overridden by environment.
ATTENTION: default value of option mesa_glthread overridden by environment.
ATTENTION: default value of option mesa_glthread overridden by environment.
1638604502648	Marionette	INFO	Marionette enabled
console.warn: SearchSettings: "get: No settings file exists, new profile?" (new NotFoundError("Could not open the file at /tmp/rust_mozprofileyIAVap/search.json.mozlz4", (void 0)))
DevTools listening on ws://localhost:40527/devtools/browser/e60463fd-5676-4fe9-9d2f-e637daef6b82
1638604505600	Marionette	INFO	Listening on port 38507
1638604505694	RemoteAgent	WARN	TLS certificate errors will be ignored for this session
1638604531496	Marionette	INFO	Stopped listening on port 38507
1638604800030	geckodriver	INFO	Listening on 127.0.0.1:47831
1638604800541	mozrunner::runner	INFO	Running command: "/usr/bin/firefox" "--marionette" "--remote-debugging-port" "53167" "-no-remote" "-profile" "/tmp/rust_mozprofilee9tCe8"
ATTENTION: default value of option mesa_glthread overridden by environment.
ATTENTION: default value of option mesa_glthread overridden by environment.
ATTENTION: default value of option mesa_glthread overridden by environment.
ATTENTION: default value of option mesa_glthread overridden by environment.
1638604803047	Marionette	INFO	Marionette enabled
console.warn: SearchSettings: "get: No settings file exists, new profile?" (new NotFoundError("Could not open the file at /tmp/rust_mozprofilee9tCe8/search.json.mozlz4", (void 0)))
DevTools listening on ws://localhost:53167/devtools/browser/49fac336-b932-49ad-8297-edb478a722ab
1638604805574	Marionette	INFO	Listening on port 40963
1638604805729	RemoteAgent	WARN	TLS certificate errors will be ignored for this session
1638604821939	Marionette	INFO	Stopped listening on port 40963

###!!! [Parent][MessageChannel] Error: (msgtype=0x390078,name=PContent::Msg_DestroyBrowsingContextGroup) Closed channel: cannot send/recv


###!!! [Parent][RunMessage] Error: Channel closing: too late to send/recv, messages will be lost

