1638513894234	geckodriver	INFO	Listening on 127.0.0.1:40919
1638513894747	mozrunner::runner	INFO	Running command: "/usr/bin/firefox" "--marionette" "--remote-debugging-port" "52083" "-no-remote" "-profile" "/tmp/rust_mozprofileGsPSys"
ATTENTION: default value of option mesa_glthread overridden by environment.
ATTENTION: default value of option mesa_glthread overridden by environment.
ATTENTION: default value of option mesa_glthread overridden by environment.
ATTENTION: default value of option mesa_glthread overridden by environment.
1638513896251	Marionette	INFO	Marionette enabled
console.warn: SearchSettings: "get: No settings file exists, new profile?" (new NotFoundError("Could not open the file at /tmp/rust_mozprofileGsPSys/search.json.mozlz4", (void 0)))
DevTools listening on ws://localhost:52083/devtools/browser/9d41aa5d-5187-4c72-ab41-04195d715963
1638513899315	Marionette	INFO	Listening on port 38231
1638513899401	RemoteAgent	WARN	TLS certificate errors will be ignored for this session
1638513921638	Marionette	INFO	Stopped listening on port 38231

###!!! [Parent][MessageChannel] Error: (msgtype=0x390078,name=PContent::Msg_DestroyBrowsingContextGroup) Closed channel: cannot send/recv


###!!! [Child][RunMessage] Error: Channel closing: too late to send/recv, messages will be lost


###!!! [Child][RunMessage] Error: Channel closing: too late to send/recv, messages will be lost


###!!! [Parent][RunMessage] Error: Channel closing: too late to send/recv, messages will be lost

1638517320036	geckodriver	INFO	Listening on 127.0.0.1:55223
1638517320048	mozrunner::runner	INFO	Running command: "/usr/bin/firefox" "--marionette" "--remote-debugging-port" "54149" "-no-remote" "-profile" "/tmp/rust_mozprofileG1jugc"
ATTENTION: default value of option mesa_glthread overridden by environment.
ATTENTION: default value of option mesa_glthread overridden by environment.
ATTENTION: default value of option mesa_glthread overridden by environment.
ATTENTION: default value of option mesa_glthread overridden by environment.
1638517321380	Marionette	INFO	Marionette enabled
console.warn: SearchSettings: "get: No settings file exists, new profile?" (new NotFoundError("Could not open the file at /tmp/rust_mozprofileG1jugc/search.json.mozlz4", (void 0)))
DevTools listening on ws://localhost:54149/devtools/browser/7c2fac19-d436-4abe-815f-39e74199ff80
1638517324112	Marionette	INFO	Listening on port 37765
1638517324204	RemoteAgent	WARN	TLS certificate errors will be ignored for this session
console.error: Region.jsm: "Error fetching region" (new Error("TIMEOUT", "resource://gre/modules/Region.jsm", 772))
console.error: Region.jsm: "Failed to fetch region" (new Error("TIMEOUT", "resource://gre/modules/Region.jsm", 419))
1638517345751	Marionette	INFO	Stopped listening on port 37765

###!!! [Parent][RunMessage] Error: Channel closing: too late to send/recv, messages will be lost

1638519712523	geckodriver	INFO	Listening on 127.0.0.1:51127
1638519713034	mozrunner::runner	INFO	Running command: "/usr/bin/firefox" "--marionette" "--remote-debugging-port" "33989" "-no-remote" "-profile" "/tmp/rust_mozprofile8eBg8n"
ATTENTION: default value of option mesa_glthread overridden by environment.
ATTENTION: default value of option mesa_glthread overridden by environment.
ATTENTION: default value of option mesa_glthread overridden by environment.
ATTENTION: default value of option mesa_glthread overridden by environment.
1638519714947	Marionette	INFO	Marionette enabled
console.warn: SearchSettings: "get: No settings file exists, new profile?" (new NotFoundError("Could not open the file at /tmp/rust_mozprofile8eBg8n/search.json.mozlz4", (void 0)))
DevTools listening on ws://localhost:33989/devtools/browser/e78414f7-1e96-4bbd-8d24-73a755de2c58
1638519717687	Marionette	INFO	Listening on port 44135
1638519717798	RemoteAgent	WARN	TLS certificate errors will be ignored for this session
Exiting due to channel error.
Exiting due to channel error.
Exiting due to channel error.
1638519741462	geckodriver	INFO	Listening on 127.0.0.1:60129
1638519741471	mozrunner::runner	INFO	Running command: "/usr/bin/firefox" "--marionette" "--remote-debugging-port" "49919" "-no-remote" "-profile" "/tmp/rust_mozprofile3f34MB"
ATTENTION: default value of option mesa_glthread overridden by environment.
ATTENTION: default value of option mesa_glthread overridden by environment.
ATTENTION: default value of option mesa_glthread overridden by environment.
ATTENTION: default value of option mesa_glthread overridden by environment.
1638519742822	Marionette	INFO	Marionette enabled
console.warn: SearchSettings: "get: No settings file exists, new profile?" (new NotFoundError("Could not open the file at /tmp/rust_mozprofile3f34MB/search.json.mozlz4", (void 0)))
DevTools listening on ws://localhost:49919/devtools/browser/c27850e0-3ff7-42f2-bdf0-99ec1d38ba75
1638519745390	Marionette	INFO	Listening on port 43921
1638519745531	RemoteAgent	WARN	TLS certificate errors will be ignored for this session
1638519763542	Marionette	INFO	Stopped listening on port 43921

###!!! [Child][RunMessage] Error: Channel closing: too late to send/recv, messages will be lost


###!!! [Child][RunMessage] Error: Channel closing: too late to send/recv, messages will be lost

JavaScript error: resource://gre/modules/Sqlite.jsm, line 1059: Error: Sqlite.jsm has been shutdown. Cannot open connection to: /tmp/rust_mozprofile3f34MB/protections.sqlite

###!!! [Parent][RunMessage] Error: Channel closing: too late to send/recv, messages will be lost

1638519834290	geckodriver	INFO	Listening on 127.0.0.1:54869
1638519834299	mozrunner::runner	INFO	Running command: "/usr/bin/firefox" "--marionette" "--remote-debugging-port" "46365" "-no-remote" "-profile" "/tmp/rust_mozprofileQnTDPs"
ATTENTION: default value of option mesa_glthread overridden by environment.
ATTENTION: default value of option mesa_glthread overridden by environment.
ATTENTION: default value of option mesa_glthread overridden by environment.
ATTENTION: default value of option mesa_glthread overridden by environment.
1638519835744	Marionette	INFO	Marionette enabled
console.warn: SearchSettings: "get: No settings file exists, new profile?" (new NotFoundError("Could not open the file at /tmp/rust_mozprofileQnTDPs/search.json.mozlz4", (void 0)))
DevTools listening on ws://localhost:46365/devtools/browser/33ebcb05-c241-40be-bf30-78914323ea4d
1638519838482	Marionette	INFO	Listening on port 40743
1638519838554	RemoteAgent	WARN	TLS certificate errors will be ignored for this session
1638519855835	Marionette	INFO	Stopped listening on port 40743
JavaScript error: resource://gre/modules/AsyncShutdown.jsm, line 718: Error: Phase "Sqlite.jsm: wait until all connections are closed" is finished, it is too late to register completion condition "protections.sqlite#0: waiting for shutdown"
1638519946495	geckodriver	INFO	Listening on 127.0.0.1:50435
1638519946506	mozrunner::runner	INFO	Running command: "/usr/bin/firefox" "--marionette" "--remote-debugging-port" "56743" "-no-remote" "-profile" "/tmp/rust_mozprofilezsaRin"
ATTENTION: default value of option mesa_glthread overridden by environment.
ATTENTION: default value of option mesa_glthread overridden by environment.
ATTENTION: default value of option mesa_glthread overridden by environment.
ATTENTION: default value of option mesa_glthread overridden by environment.
1638519947877	Marionette	INFO	Marionette enabled
console.warn: SearchSettings: "get: No settings file exists, new profile?" (new NotFoundError("Could not open the file at /tmp/rust_mozprofilezsaRin/search.json.mozlz4", (void 0)))
DevTools listening on ws://localhost:56743/devtools/browser/d7e9ec79-78f0-4447-b653-2068c1fec416
1638519950981	Marionette	INFO	Listening on port 38545
1638519951068	RemoteAgent	WARN	TLS certificate errors will be ignored for this session
1638519976913	Marionette	INFO	Stopped listening on port 38545

###!!! [Parent][RunMessage] Error: Channel closing: too late to send/recv, messages will be lost

1638520017185	geckodriver	INFO	Listening on 127.0.0.1:58465
1638520017194	mozrunner::runner	INFO	Running command: "/usr/bin/firefox" "--marionette" "--remote-debugging-port" "50005" "-no-remote" "-profile" "/tmp/rust_mozprofileiVCGDx"
ATTENTION: default value of option mesa_glthread overridden by environment.
ATTENTION: default value of option mesa_glthread overridden by environment.
ATTENTION: default value of option mesa_glthread overridden by environment.
ATTENTION: default value of option mesa_glthread overridden by environment.
1638520018602	Marionette	INFO	Marionette enabled
console.warn: SearchSettings: "get: No settings file exists, new profile?" (new NotFoundError("Could not open the file at /tmp/rust_mozprofileiVCGDx/search.json.mozlz4", (void 0)))
DevTools listening on ws://localhost:50005/devtools/browser/f662295f-b4ac-4e80-b1f4-eee61781d86a
1638520021643	Marionette	INFO	Listening on port 40357
1638520021760	RemoteAgent	WARN	TLS certificate errors will be ignored for this session
1638520048407	Marionette	INFO	Stopped listening on port 40357
JavaScript error: resource://gre/modules/PromiseWorker.jsm, line 106: Error: IOUtils: Shutting down and refusing additional I/O tasks

###!!! [Parent][RunMessage] Error: Channel closing: too late to send/recv, messages will be lost

